/!\ FAILSAFE /!\  Thu Apr 16 19:04:25 +0900 2009
  Status: 500 Internal Server Error
  no such file to load -- sqlite3
    /Users/dai/Soft/jruby/app/hello/../../lib/ruby/site_ruby/1.8/rubygems/custom_require.rb:31:in `require'
    /Users/dai/Soft/jruby/app/hello/../../lib/ruby/site_ruby/1.8/rubygems/custom_require.rb:31:in `require'
    /Users/dai/Soft/jruby/lib/ruby/gems/1.8/gems/activesupport-2.3.2/lib/active_support/dependencies.rb:156:in `require'
    /Users/dai/Soft/jruby/lib/ruby/gems/1.8/gems/activesupport-2.3.2/lib/active_support/dependencies.rb:521:in `new_constants_in'
    /Users/dai/Soft/jruby/lib/ruby/gems/1.8/gems/activesupport-2.3.2/lib/active_support/dependencies.rb:156:in `require'
    /Users/dai/Soft/jruby/lib/ruby/gems/1.8/gems/activesupport-2.3.2/lib/active_support/core_ext/kernel/requires.rb:7:in `require_library_or_gem'
    /Users/dai/Soft/jruby/lib/ruby/gems/1.8/gems/activesupport-2.3.2/lib/active_support/core_ext/kernel/reporting.rb:11:in `silence_warnings'
    /Users/dai/Soft/jruby/lib/ruby/gems/1.8/gems/activesupport-2.3.2/lib/active_support/core_ext/kernel/requires.rb:5:in `require_library_or_gem'
    /Users/dai/Soft/jruby/lib/ruby/gems/1.8/gems/activerecord-2.3.2/lib/active_record/connection_adapters/sqlite3_adapter.rb:10:in `sqlite3_connection'
    /Users/dai/Soft/jruby/lib/ruby/gems/1.8/gems/activerecord-2.3.2/lib/active_record/connection_adapters/abstract/connection_pool.rb:223:in `new_connection'
    /Users/dai/Soft/jruby/lib/ruby/gems/1.8/gems/activerecord-2.3.2/lib/active_record/connection_adapters/abstract/connection_pool.rb:245:in `checkout_new_connection'
    /Users/dai/Soft/jruby/lib/ruby/gems/1.8/gems/activerecord-2.3.2/lib/active_record/connection_adapters/abstract/connection_pool.rb:188:in `checkout'
    /Users/dai/Soft/jruby/lib/ruby/gems/1.8/gems/activerecord-2.3.2/lib/active_record/connection_adapters/abstract/connection_pool.rb:184:in `loop'
    /Users/dai/Soft/jruby/lib/ruby/gems/1.8/gems/activerecord-2.3.2/lib/active_record/connection_adapters/abstract/connection_pool.rb:184:in `checkout'
    /Users/dai/Soft/jruby/app/hello/../../lib/ruby/1.8/monitor.rb:191:in `mon_synchronize'
    /Users/dai/Soft/jruby/lib/ruby/gems/1.8/gems/activerecord-2.3.2/lib/active_record/connection_adapters/abstract/connection_pool.rb:183:in `checkout'
    /Users/dai/Soft/jruby/lib/ruby/gems/1.8/gems/activerecord-2.3.2/lib/active_record/connection_adapters/abstract/connection_pool.rb:98:in `connection'
    /Users/dai/Soft/jruby/lib/ruby/gems/1.8/gems/activerecord-2.3.2/lib/active_record/connection_adapters/abstract/connection_pool.rb:326:in `retrieve_connection'
    /Users/dai/Soft/jruby/lib/ruby/gems/1.8/gems/activerecord-2.3.2/lib/active_record/connection_adapters/abstract/connection_specification.rb:123:in `retrieve_connection'
    /Users/dai/Soft/jruby/lib/ruby/gems/1.8/gems/activerecord-2.3.2/lib/active_record/connection_adapters/abstract/connection_specification.rb:115:in `connection'
    /Users/dai/Soft/jruby/lib/ruby/gems/1.8/gems/activerecord-2.3.2/lib/active_record/query_cache.rb:9:in `cache'
    /Users/dai/Soft/jruby/lib/ruby/gems/1.8/gems/activerecord-2.3.2/lib/active_record/query_cache.rb:28:in `call'
    /Users/dai/Soft/jruby/lib/ruby/gems/1.8/gems/activerecord-2.3.2/lib/active_record/connection_adapters/abstract/connection_pool.rb:361:in `call'
    /Users/dai/Soft/jruby/lib/ruby/gems/1.8/gems/actionpack-2.3.2/lib/action_controller/vendor/rack-1.0/rack/head.rb:9:in `call'
    /Users/dai/Soft/jruby/lib/ruby/gems/1.8/gems/actionpack-2.3.2/lib/action_controller/vendor/rack-1.0/rack/methodoverride.rb:24:in `call'
    /Users/dai/Soft/jruby/lib/ruby/gems/1.8/gems/actionpack-2.3.2/lib/action_controller/params_parser.rb:15:in `call'
    /Users/dai/Soft/jruby/lib/ruby/gems/1.8/gems/actionpack-2.3.2/lib/action_controller/rewindable_input.rb:25:in `call'
    /Users/dai/Soft/jruby/lib/ruby/gems/1.8/gems/actionpack-2.3.2/lib/action_controller/session/cookie_store.rb:93:in `call'
    /Users/dai/Soft/jruby/lib/ruby/gems/1.8/gems/actionpack-2.3.2/lib/action_controller/reloader.rb:9:in `call'
    /Users/dai/Soft/jruby/lib/ruby/gems/1.8/gems/actionpack-2.3.2/lib/action_controller/failsafe.rb:11:in `call'
    /Users/dai/Soft/jruby/lib/ruby/gems/1.8/gems/actionpack-2.3.2/lib/action_controller/vendor/rack-1.0/rack/lock.rb:11:in `call'
    /Users/dai/Soft/jruby/lib/ruby/gems/1.8/gems/actionpack-2.3.2/lib/action_controller/dispatcher.rb:106:in `call'
    /Users/dai/Soft/jruby/lib/ruby/gems/1.8/gems/rails-2.3.2/lib/rails/rack/static.rb:31:in `call'
    /Users/dai/Soft/jruby/lib/ruby/gems/1.8/gems/actionpack-2.3.2/lib/action_controller/vendor/rack-1.0/rack/urlmap.rb:48:in `call'
    /Users/dai/Soft/jruby/lib/ruby/gems/1.8/gems/actionpack-2.3.2/lib/action_controller/vendor/rack-1.0/rack/urlmap.rb:40:in `each'
    /Users/dai/Soft/jruby/lib/ruby/gems/1.8/gems/actionpack-2.3.2/lib/action_controller/vendor/rack-1.0/rack/urlmap.rb:40:in `call'
    /Users/dai/Soft/jruby/lib/ruby/gems/1.8/gems/rails-2.3.2/lib/rails/rack/log_tailer.rb:17:in `call'
    /Users/dai/Soft/jruby/lib/ruby/gems/1.8/gems/actionpack-2.3.2/lib/action_controller/vendor/rack-1.0/rack/content_length.rb:13:in `call'
    /Users/dai/Soft/jruby/lib/ruby/gems/1.8/gems/actionpack-2.3.2/lib/action_controller/vendor/rack-1.0/rack/handler/webrick.rb:46:in `service'
    /Users/dai/Soft/jruby/app/hello/../../lib/ruby/1.8/webrick/httpserver.rb:104:in `service'
    /Users/dai/Soft/jruby/app/hello/../../lib/ruby/1.8/webrick/httpserver.rb:65:in `run'
    /Users/dai/Soft/jruby/app/hello/../../lib/ruby/1.8/webrick/server.rb:173:in `start_thread'
    /Users/dai/Soft/jruby/app/hello/../../lib/ruby/1.8/webrick/server.rb:162:in `start'


Processing IndexController#index (for 127.0.0.1 at 2009-04-23 14:18:31) [GET]
Completed in 3ms (View: 1 | 200 OK [http://localhost/]


Processing IndexController#index (for 127.0.0.1 at 2009-04-23 14:18:59) [GET]
Completed in 7ms (View: 1 | 200 OK [http://localhost/]


Processing IndexController#index (for 127.0.0.1 at 2009-04-23 18:41:38) [GET]
Completed in 7ms (View: 2 | 200 OK [http://localhost/]
